<?xml version="1.0" encoding="UTF-8"?>
<testng-results ignored="0" total="1" passed="1" failed="0" skipped="0">
  <reporter-output>
  </reporter-output>
  <suite started-at="2025-07-11T15:31:10 IST" name="Default suite" finished-at="2025-07-11T15:32:03 IST" duration-ms="52647">
    <groups>
    </groups>
    <test started-at="2025-07-11T15:31:10 IST" name="Default test" finished-at="2025-07-11T15:32:03 IST" duration-ms="52647">
      <class name="EsgSure.overallmodule">
        <test-method signature="login()[pri:0, instance:EsgSure.overallmodule@1dd6d4b7]" started-at="2025-07-11T15:31:10 IST" name="login" finished-at="2025-07-11T15:31:25 IST" duration-ms="14847" status="PASS">
          <reporter-output>
          </reporter-output>
        </test-method> <!-- login -->
        <test-method is-config="true" signature="companyResearch()[pri:0, instance:EsgSure.overallmodule@1dd6d4b7]" started-at="2025-07-11T15:31:25 IST" name="companyResearch" finished-at="2025-07-11T15:32:03 IST" duration-ms="37768" status="FAIL">
          <exception class="org.openqa.selenium.NoSuchElementException">
            <message>
              <![CDATA[no such element: Unable to locate element: {"method":"css selector","selector":"#root > div > div > div.component-container.regular-container > div > div > div.contents > div.chat-container.included-filters > div.chat-contents-section > div > div > div.answers"}
  (Session info: chrome=132.0.6834.110)
For documentation on this error, please visit: https://www.selenium.dev/documentation/webdriver/troubleshooting/errors#no-such-element-exception
Build info: version: '4.27.0', revision: 'd6e718d'
System info: os.name: 'Windows 11', os.arch: 'amd64', os.version: '10.0', java.version: '23.0.1'
Driver info: org.openqa.selenium.chrome.ChromeDriver
Command: [89578aedcb28d0104b94990b32ab352d, findElement {using=css selector, value=#root > div > div > div.component-container.regular-container > div > div > div.contents > div.chat-container.included-filters > div.chat-contents-section > div > div > div.answers}]
Capabilities {acceptInsecureCerts: false, browserName: chrome, browserVersion: 132.0.6834.110, chrome: {chromedriverVersion: 132.0.6834.159 (2d77d3fc445..., userDataDir: C:\Users\naveen.k\AppData\L...}, fedcm:accounts: true, goog:chromeOptions: {debuggerAddress: localhost:49524}, networkConnectionEnabled: false, pageLoadStrategy: normal, platformName: windows, proxy: Proxy(), se:cdp: ws://localhost:49524/devtoo..., se:cdpVersion: 132.0.6834.110, setWindowRect: true, strictFileInteractability: false, timeouts: {implicit: 0, pageLoad: 300000, script: 30000}, unhandledPromptBehavior: dismiss and notify, webauthn:extension:credBlob: true, webauthn:extension:largeBlob: true, webauthn:extension:minPinLength: true, webauthn:extension:prf: true, webauthn:virtualAuthenticators: true}
Session ID: 89578aedcb28d0104b94990b32ab352d]]>
            </message>
            <full-stacktrace>
              <![CDATA[org.openqa.selenium.NoSuchElementException: no such element: Unable to locate element: {"method":"css selector","selector":"#root > div > div > div.component-container.regular-container > div > div > div.contents > div.chat-container.included-filters > div.chat-contents-section > div > div > div.answers"}
  (Session info: chrome=132.0.6834.110)
For documentation on this error, please visit: https://www.selenium.dev/documentation/webdriver/troubleshooting/errors#no-such-element-exception
Build info: version: '4.27.0', revision: 'd6e718d'
System info: os.name: 'Windows 11', os.arch: 'amd64', os.version: '10.0', java.version: '23.0.1'
Driver info: org.openqa.selenium.chrome.ChromeDriver
Command: [89578aedcb28d0104b94990b32ab352d, findElement {using=css selector, value=#root > div > div > div.component-container.regular-container > div > div > div.contents > div.chat-container.included-filters > div.chat-contents-section > div > div > div.answers}]
Capabilities {acceptInsecureCerts: false, browserName: chrome, browserVersion: 132.0.6834.110, chrome: {chromedriverVersion: 132.0.6834.159 (2d77d3fc445..., userDataDir: C:\Users\naveen.k\AppData\L...}, fedcm:accounts: true, goog:chromeOptions: {debuggerAddress: localhost:49524}, networkConnectionEnabled: false, pageLoadStrategy: normal, platformName: windows, proxy: Proxy(), se:cdp: ws://localhost:49524/devtoo..., se:cdpVersion: 132.0.6834.110, setWindowRect: true, strictFileInteractability: false, timeouts: {implicit: 0, pageLoad: 300000, script: 30000}, unhandledPromptBehavior: dismiss and notify, webauthn:extension:credBlob: true, webauthn:extension:largeBlob: true, webauthn:extension:minPinLength: true, webauthn:extension:prf: true, webauthn:virtualAuthenticators: true}
Session ID: 89578aedcb28d0104b94990b32ab352d
at java.base/jdk.internal.reflect.DirectConstructorHandleAccessor.newInstance(DirectConstructorHandleAccessor.java:62)
at java.base/java.lang.reflect.Constructor.newInstanceWithCaller(Constructor.java:501)
at java.base/java.lang.reflect.Constructor.newInstance(Constructor.java:485)
at org.openqa.selenium.remote.ErrorCodec.decode(ErrorCodec.java:167)
at org.openqa.selenium.remote.codec.w3c.W3CHttpResponseCodec.decode(W3CHttpResponseCodec.java:138)
at org.openqa.selenium.remote.codec.w3c.W3CHttpResponseCodec.decode(W3CHttpResponseCodec.java:50)
at org.openqa.selenium.remote.HttpCommandExecutor.execute(HttpCommandExecutor.java:190)
at org.openqa.selenium.remote.service.DriverCommandExecutor.invokeExecute(DriverCommandExecutor.java:216)
at org.openqa.selenium.remote.service.DriverCommandExecutor.execute(DriverCommandExecutor.java:174)
at org.openqa.selenium.remote.RemoteWebDriver.execute(RemoteWebDriver.java:545)
at org.openqa.selenium.remote.ElementLocation$ElementFinder$2.findElement(ElementLocation.java:165)
at org.openqa.selenium.remote.ElementLocation.findElement(ElementLocation.java:59)
at org.openqa.selenium.remote.RemoteWebDriver.findElement(RemoteWebDriver.java:368)
at org.openqa.selenium.remote.RemoteWebDriver.findElement(RemoteWebDriver.java:362)
at EsgSure.overallmodule.companyResearch(overallmodule.java:104)
at java.base/jdk.internal.reflect.DirectMethodHandleAccessor.invoke(DirectMethodHandleAccessor.java:103)
at java.base/java.lang.reflect.Method.invoke(Method.java:580)
at org.testng.internal.MethodInvocationHelper.invokeMethod(MethodInvocationHelper.java:133)
at org.testng.internal.MethodInvocationHelper.invokeMethodConsideringTimeout(MethodInvocationHelper.java:62)
at org.testng.internal.ConfigInvoker.invokeConfigurationMethod(ConfigInvoker.java:385)
at org.testng.internal.ConfigInvoker.invokeConfigurations(ConfigInvoker.java:321)
at org.testng.TestRunner.invokeTestConfigurations(TestRunner.java:637)
at org.testng.TestRunner.afterRun(TestRunner.java:877)
at org.testng.TestRunner.run(TestRunner.java:599)
at org.testng.SuiteRunner.runTest(SuiteRunner.java:377)
at org.testng.SuiteRunner.runSequentially(SuiteRunner.java:371)
at org.testng.SuiteRunner.privateRun(SuiteRunner.java:332)
at org.testng.SuiteRunner.run(SuiteRunner.java:276)
at org.testng.SuiteRunnerWorker.runSuite(SuiteRunnerWorker.java:53)
at org.testng.SuiteRunnerWorker.run(SuiteRunnerWorker.java:96)
at org.testng.TestNG.runSuitesSequentially(TestNG.java:1212)
at org.testng.TestNG.runSuitesLocally(TestNG.java:1134)
at org.testng.TestNG.runSuites(TestNG.java:1063)
at org.testng.TestNG.run(TestNG.java:1031)
at org.testng.remote.AbstractRemoteTestNG.run(AbstractRemoteTestNG.java:115)
at org.testng.remote.RemoteTestNG.initAndRun(RemoteTestNG.java:293)
at org.testng.remote.RemoteTestNG.main(RemoteTestNG.java:91)
]]>
            </full-stacktrace>
          </exception> <!-- org.openqa.selenium.NoSuchElementException -->
          <reporter-output>
          </reporter-output>
        </test-method> <!-- companyResearch -->
        <test-method is-config="true" signature="docsource()[pri:0, instance:EsgSure.overallmodule@1dd6d4b7]" started-at="2025-07-11T15:32:03 IST" name="docsource" finished-at="1970-01-01T05:30:00 IST" duration-ms="-1752228123609" status="SKIP">
          <reporter-output>
          </reporter-output>
        </test-method> <!-- docsource -->
        <test-method is-config="true" signature="history()[pri:0, instance:EsgSure.overallmodule@1dd6d4b7]" started-at="2025-07-11T15:32:03 IST" name="history" finished-at="1970-01-01T05:30:00 IST" duration-ms="-1752228123610" status="SKIP">
          <reporter-output>
          </reporter-output>
        </test-method> <!-- history -->
        <test-method is-config="true" signature="investorsearch()[pri:0, instance:EsgSure.overallmodule@1dd6d4b7]" started-at="2025-07-11T15:32:03 IST" name="investorsearch" finished-at="1970-01-01T05:30:00 IST" duration-ms="-1752228123611" status="SKIP">
          <reporter-output>
          </reporter-output>
        </test-method> <!-- investorsearch -->
        <test-method is-config="true" signature="research()[pri:0, instance:EsgSure.overallmodule@1dd6d4b7]" started-at="2025-07-11T15:32:03 IST" name="research" finished-at="1970-01-01T05:30:00 IST" duration-ms="-1752228123612" status="SKIP">
          <reporter-output>
          </reporter-output>
        </test-method> <!-- research -->
        <test-method is-config="true" signature="playbooks()[pri:0, instance:EsgSure.overallmodule@1dd6d4b7]" started-at="2025-07-11T15:32:03 IST" name="playbooks" finished-at="1970-01-01T05:30:00 IST" duration-ms="-1752228123612" status="SKIP">
          <reporter-output>
          </reporter-output>
        </test-method> <!-- playbooks -->
      </class> <!-- EsgSure.overallmodule -->
    </test> <!-- Default test -->
  </suite> <!-- Default suite -->
</testng-results>
